---------------------------------------------
Second service is running Fri May  7 11:07:30 UTC 2021
Second service just shutted down at Fri May  7 11:08:25 UTC 2021
---------------------------------------------
-------------/app/service2.sh is starting--------------------------------
Environment: MYVAL=allo, MYVAL2=haha 
Second service is running Fri May  7 11:12:41 UTC 2021
---------------------------------------------
-------------/app/service.sh is starting--------------------------------
Environment: MYVAL=allo, MYVAL2=haha 
Second service is running Fri May  7 11:13:41 UTC 2021
Second service just shutted down at Fri May  7 11:14:36 UTC 2021
---------------------------------------------
-------------/app/service.sh is starting--------------------------------
Environment: MYVAL=allo, MYVAL2=haha 
Second service is running Fri May  7 11:24:31 UTC 2021
Second service just shutted down at Fri May  7 11:25:26 UTC 2021
---------------------------------------------
-------------/app/service.sh is starting--------------------------------
Environment: MYVAL=allo, MYVAL2=haha 
Second service is running Fri May  7 11:27:00 UTC 2021
Second service just shutted down at Fri May  7 11:27:55 UTC 2021
---------------------------------------------
-------------/app/service.sh is starting--------------------------------
Environment: MYVAL=allo, MYVAL2=haha 
Second service is running Fri May  7 11:32:44 UTC 2021
Second service just shutted down at Fri May  7 11:33:39 UTC 2021
---------------------------------------------
-------------/app/service.sh is starting--------------------------------
Environment: MYVAL=allo, MYVAL2=haha 
Second service is running Fri May  7 12:32:04 UTC 2021
Second service just shutted down at Fri May  7 12:32:59 UTC 2021
